<?xml version="1.0" encoding="UTF-8"?>
<testng-results ignored="3" total="8" passed="5" failed="0" skipped="0">
  <reporter-output>
  </reporter-output>
  <suite started-at="2023-11-29T18:36:18 IST" name="Suite" finished-at="2023-11-29T18:37:25 IST" duration-ms="66900">
    <groups>
    </groups>
    <test started-at="2023-11-29T18:36:18 IST" name="Test" finished-at="2023-11-29T18:37:25 IST" duration-ms="66900">
      <class name="com.mystore.testcases.AccountCreationPageTest">
        <test-method is-config="true" signature="setup()[pri:0, instance:com.mystore.testcases.AccountCreationPageTest@2a265ea9]" started-at="2023-11-29T18:36:55 IST" name="setup" finished-at="2023-11-29T18:37:06 IST" duration-ms="10606" status="PASS">
          <reporter-output>
          </reporter-output>
        </test-method> <!-- setup -->
        <test-method signature="verifyCreateAccountPageTest()[pri:0, instance:com.mystore.testcases.AccountCreationPageTest@2a265ea9]" started-at="2023-11-29T18:37:06 IST" name="verifyCreateAccountPageTest" finished-at="2023-11-29T18:37:09 IST" duration-ms="2909" status="PASS">
          <reporter-output>
          </reporter-output>
        </test-method> <!-- verifyCreateAccountPageTest -->
        <test-method is-config="true" signature="tearDown()[pri:0, instance:com.mystore.testcases.AccountCreationPageTest@2a265ea9]" started-at="2023-11-29T18:37:09 IST" name="tearDown" finished-at="2023-11-29T18:37:09 IST" duration-ms="268" status="PASS">
          <reporter-output>
          </reporter-output>
        </test-method> <!-- tearDown -->
      </class> <!-- com.mystore.testcases.AccountCreationPageTest -->
      <class name="com.mystore.testcases.IndexPageTest">
        <test-method is-config="true" signature="setup()[pri:0, instance:com.mystore.testcases.IndexPageTest@6d4d66d2]" started-at="2023-11-29T18:36:33 IST" name="setup" finished-at="2023-11-29T18:36:43 IST" duration-ms="9452" status="PASS">
          <reporter-output>
          </reporter-output>
        </test-method> <!-- setup -->
        <test-method signature="verifyLogo()[pri:0, instance:com.mystore.testcases.IndexPageTest@6d4d66d2]" started-at="2023-11-29T18:36:43 IST" name="verifyLogo" finished-at="2023-11-29T18:36:43 IST" duration-ms="75" status="PASS">
          <reporter-output>
          </reporter-output>
        </test-method> <!-- verifyLogo -->
        <test-method is-config="true" signature="tearDown()[pri:0, instance:com.mystore.testcases.IndexPageTest@6d4d66d2]" started-at="2023-11-29T18:36:43 IST" name="tearDown" finished-at="2023-11-29T18:36:43 IST" duration-ms="210" status="PASS">
          <reporter-output>
          </reporter-output>
        </test-method> <!-- tearDown -->
        <test-method is-config="true" signature="setup()[pri:0, instance:com.mystore.testcases.IndexPageTest@6d4d66d2]" started-at="2023-11-29T18:36:43 IST" name="setup" finished-at="2023-11-29T18:36:55 IST" duration-ms="11744" status="PASS">
          <reporter-output>
          </reporter-output>
        </test-method> <!-- setup -->
        <test-method signature="verifyTitle()[pri:0, instance:com.mystore.testcases.IndexPageTest@6d4d66d2]" started-at="2023-11-29T18:36:55 IST" name="verifyTitle" finished-at="2023-11-29T18:36:55 IST" duration-ms="14" status="PASS">
          <reporter-output>
          </reporter-output>
        </test-method> <!-- verifyTitle -->
        <test-method is-config="true" signature="tearDown()[pri:0, instance:com.mystore.testcases.IndexPageTest@6d4d66d2]" started-at="2023-11-29T18:36:55 IST" name="tearDown" finished-at="2023-11-29T18:36:55 IST" duration-ms="210" status="PASS">
          <reporter-output>
          </reporter-output>
        </test-method> <!-- tearDown -->
      </class> <!-- com.mystore.testcases.IndexPageTest -->
      <class name="com.mystore.testcases.HomePageTest">
        <test-method is-config="true" signature="setup()[pri:0, instance:com.mystore.testcases.HomePageTest@11392934]" started-at="2023-11-29T18:37:09 IST" name="setup" finished-at="2023-11-29T18:37:17 IST" duration-ms="7787" status="PASS">
          <reporter-output>
          </reporter-output>
        </test-method> <!-- setup -->
        <test-method signature="wishListTest()[pri:0, instance:com.mystore.testcases.HomePageTest@11392934]" started-at="2023-11-29T18:37:17 IST" name="wishListTest" finished-at="2023-11-29T18:37:24 IST" duration-ms="7705" status="PASS">
          <reporter-output>
          </reporter-output>
        </test-method> <!-- wishListTest -->
        <test-method is-config="true" signature="tearDown()[pri:0, instance:com.mystore.testcases.HomePageTest@11392934]" started-at="2023-11-29T18:37:24 IST" name="tearDown" finished-at="2023-11-29T18:37:25 IST" duration-ms="294" status="PASS">
          <reporter-output>
          </reporter-output>
        </test-method> <!-- tearDown -->
      </class> <!-- com.mystore.testcases.HomePageTest -->
      <class name="com.mystore.testcases.LoginPageTest">
        <test-method is-config="true" signature="loadConfig()[pri:0, instance:com.mystore.testcases.LoginPageTest@46cdf8bd]" started-at="2023-11-29T18:36:18 IST" name="loadConfig" finished-at="2023-11-29T18:36:18 IST" duration-ms="163" status="PASS">
          <reporter-output>
          </reporter-output>
        </test-method> <!-- loadConfig -->
        <test-method is-config="true" signature="setup()[pri:0, instance:com.mystore.testcases.LoginPageTest@46cdf8bd]" started-at="2023-11-29T18:36:18 IST" name="setup" finished-at="2023-11-29T18:36:30 IST" duration-ms="12203" status="PASS">
          <reporter-output>
          </reporter-output>
        </test-method> <!-- setup -->
        <test-method signature="loginTest()[pri:0, instance:com.mystore.testcases.LoginPageTest@46cdf8bd]" started-at="2023-11-29T18:36:30 IST" name="loginTest" finished-at="2023-11-29T18:36:33 IST" duration-ms="2851" status="PASS">
          <reporter-output>
          </reporter-output>
        </test-method> <!-- loginTest -->
        <test-method is-config="true" signature="tearDown()[pri:0, instance:com.mystore.testcases.LoginPageTest@46cdf8bd]" started-at="2023-11-29T18:36:33 IST" name="tearDown" finished-at="2023-11-29T18:36:33 IST" duration-ms="509" status="PASS">
          <reporter-output>
          </reporter-output>
        </test-method> <!-- tearDown -->
      </class> <!-- com.mystore.testcases.LoginPageTest -->
    </test> <!-- Test -->
  </suite> <!-- Suite -->
</testng-results>
