<?xml version="1.0" encoding="UTF-8"?>
<testng-results ignored="0" total="1" passed="1" failed="0" skipped="0">
  <reporter-output>
  </reporter-output>
  <suite started-at="2023-12-01T10:17:37 IST" name="Default suite" finished-at="2023-12-01T10:17:56 IST" duration-ms="18710">
    <groups>
    </groups>
    <test started-at="2023-12-01T10:17:37 IST" name="Default test" finished-at="2023-12-01T10:17:56 IST" duration-ms="18710">
      <class name="com.mystore.testcases.LoginPageTest">
        <test-method is-config="true" signature="loadConfig()[pri:0, instance:com.mystore.testcases.LoginPageTest@63376bed]" started-at="2023-12-01T10:17:37 IST" name="loadConfig" finished-at="2023-12-01T10:17:37 IST" duration-ms="16" status="PASS">
          <reporter-output>
          </reporter-output>
        </test-method> <!-- loadConfig -->
        <test-method is-config="true" signature="setup()[pri:0, instance:com.mystore.testcases.LoginPageTest@63376bed]" started-at="2023-12-01T10:17:37 IST" name="setup" finished-at="2023-12-01T10:17:51 IST" duration-ms="14007" status="PASS">
          <reporter-output>
          </reporter-output>
        </test-method> <!-- setup -->
        <test-method signature="loginTest4()[pri:0, instance:com.mystore.testcases.LoginPageTest@63376bed]" started-at="2023-12-01T10:17:51 IST" name="loginTest4" finished-at="2023-12-01T10:17:56 IST" duration-ms="4642" status="PASS">
          <reporter-output>
          </reporter-output>
        </test-method> <!-- loginTest4 -->
      </class> <!-- com.mystore.testcases.LoginPageTest -->
    </test> <!-- Default test -->
  </suite> <!-- Default suite -->
</testng-results>
