<?xml version="1.0" encoding="UTF-8"?>
<testng-results ignored="6" total="11" passed="5" failed="0" skipped="0">
  <reporter-output>
  </reporter-output>
  <suite started-at="2023-12-01T15:46:18 IST" name="Suite" finished-at="2023-12-01T15:47:18 IST" duration-ms="60589">
    <groups>
    </groups>
    <test started-at="2023-12-01T15:46:18 IST" name="Test_All" finished-at="2023-12-01T15:47:18 IST" duration-ms="60589">
      <class name="com.mystore.testcases.AccountCreationPageTest">
        <test-method is-config="true" signature="setup()[pri:0, instance:com.mystore.testcases.AccountCreationPageTest@4b741d6d]" started-at="2023-12-01T15:46:51 IST" name="setup" finished-at="2023-12-01T15:47:02 IST" duration-ms="11330" status="PASS">
          <reporter-output>
          </reporter-output>
        </test-method> <!-- setup -->
        <test-method signature="verifyCreateAccountPageTest()[pri:0, instance:com.mystore.testcases.AccountCreationPageTest@4b741d6d]" started-at="2023-12-01T15:47:02 IST" name="verifyCreateAccountPageTest" finished-at="2023-12-01T15:47:05 IST" duration-ms="2733" status="PASS">
          <reporter-output>
          </reporter-output>
        </test-method> <!-- verifyCreateAccountPageTest -->
        <test-method is-config="true" signature="tearDown()[pri:0, instance:com.mystore.testcases.AccountCreationPageTest@4b741d6d]" started-at="2023-12-01T15:47:05 IST" name="tearDown" finished-at="2023-12-01T15:47:06 IST" duration-ms="597" status="PASS">
          <reporter-output>
          </reporter-output>
        </test-method> <!-- tearDown -->
      </class> <!-- com.mystore.testcases.AccountCreationPageTest -->
      <class name="com.mystore.testcases.IndexPageTest">
        <test-method is-config="true" signature="setup()[pri:0, instance:com.mystore.testcases.IndexPageTest@15bb5034]" started-at="2023-12-01T15:46:31 IST" name="setup" finished-at="2023-12-01T15:46:40 IST" duration-ms="8974" status="PASS">
          <reporter-output>
          </reporter-output>
        </test-method> <!-- setup -->
        <test-method signature="verifyLogo()[pri:0, instance:com.mystore.testcases.IndexPageTest@15bb5034]" started-at="2023-12-01T15:46:40 IST" name="verifyLogo" finished-at="2023-12-01T15:46:40 IST" duration-ms="94" status="PASS">
          <reporter-output>
          </reporter-output>
        </test-method> <!-- verifyLogo -->
        <test-method is-config="true" signature="tearDown()[pri:0, instance:com.mystore.testcases.IndexPageTest@15bb5034]" started-at="2023-12-01T15:46:40 IST" name="tearDown" finished-at="2023-12-01T15:46:41 IST" duration-ms="307" status="PASS">
          <reporter-output>
          </reporter-output>
        </test-method> <!-- tearDown -->
        <test-method is-config="true" signature="setup()[pri:0, instance:com.mystore.testcases.IndexPageTest@15bb5034]" started-at="2023-12-01T15:46:41 IST" name="setup" finished-at="2023-12-01T15:46:51 IST" duration-ms="10014" status="PASS">
          <reporter-output>
          </reporter-output>
        </test-method> <!-- setup -->
        <test-method signature="verifyTitle()[pri:0, instance:com.mystore.testcases.IndexPageTest@15bb5034]" started-at="2023-12-01T15:46:51 IST" name="verifyTitle" finished-at="2023-12-01T15:46:51 IST" duration-ms="17" status="PASS">
          <reporter-output>
          </reporter-output>
        </test-method> <!-- verifyTitle -->
        <test-method is-config="true" signature="tearDown()[pri:0, instance:com.mystore.testcases.IndexPageTest@15bb5034]" started-at="2023-12-01T15:46:51 IST" name="tearDown" finished-at="2023-12-01T15:46:51 IST" duration-ms="247" status="PASS">
          <reporter-output>
          </reporter-output>
        </test-method> <!-- tearDown -->
      </class> <!-- com.mystore.testcases.IndexPageTest -->
      <class name="com.mystore.testcases.HomePageTest">
        <test-method is-config="true" signature="setup()[pri:0, instance:com.mystore.testcases.HomePageTest@2eae8e6e]" started-at="2023-12-01T15:47:06 IST" name="setup" finished-at="2023-12-01T15:47:15 IST" duration-ms="8972" status="PASS">
          <reporter-output>
          </reporter-output>
        </test-method> <!-- setup -->
        <test-method signature="wishListTest()[pri:0, instance:com.mystore.testcases.HomePageTest@2eae8e6e]" started-at="2023-12-01T15:47:15 IST" name="wishListTest" finished-at="2023-12-01T15:47:18 IST" duration-ms="3131" status="PASS">
          <reporter-output>
          </reporter-output>
        </test-method> <!-- wishListTest -->
        <test-method is-config="true" signature="tearDown()[pri:0, instance:com.mystore.testcases.HomePageTest@2eae8e6e]" started-at="2023-12-01T15:47:18 IST" name="tearDown" finished-at="2023-12-01T15:47:18 IST" duration-ms="256" status="PASS">
          <reporter-output>
          </reporter-output>
        </test-method> <!-- tearDown -->
      </class> <!-- com.mystore.testcases.HomePageTest -->
      <class name="com.mystore.testcases.LoginPageTest">
        <test-method is-config="true" signature="loadConfig()[pri:0, instance:com.mystore.testcases.LoginPageTest@76a4ebf2]" started-at="2023-12-01T15:46:17 IST" name="loadConfig" finished-at="2023-12-01T15:46:18 IST" duration-ms="235" status="PASS">
          <reporter-output>
          </reporter-output>
        </test-method> <!-- loadConfig -->
        <test-method is-config="true" signature="setup()[pri:0, instance:com.mystore.testcases.LoginPageTest@76a4ebf2]" started-at="2023-12-01T15:46:18 IST" name="setup" finished-at="2023-12-01T15:46:28 IST" duration-ms="10460" status="PASS">
          <reporter-output>
          </reporter-output>
        </test-method> <!-- setup -->
        <test-method signature="loginTest()[pri:0, instance:com.mystore.testcases.LoginPageTest@76a4ebf2]" started-at="2023-12-01T15:46:28 IST" name="loginTest" finished-at="2023-12-01T15:46:31 IST" duration-ms="2989" status="PASS">
          <reporter-output>
          </reporter-output>
        </test-method> <!-- loginTest -->
        <test-method is-config="true" signature="tearDown()[pri:0, instance:com.mystore.testcases.LoginPageTest@76a4ebf2]" started-at="2023-12-01T15:46:31 IST" name="tearDown" finished-at="2023-12-01T15:46:31 IST" duration-ms="403" status="PASS">
          <reporter-output>
          </reporter-output>
        </test-method> <!-- tearDown -->
        <test-method is-config="true" signature="afterSuite()[pri:0, instance:com.mystore.testcases.LoginPageTest@76a4ebf2]" started-at="2023-12-01T15:47:18 IST" name="afterSuite" finished-at="2023-12-01T15:47:18 IST" duration-ms="326" status="PASS">
          <reporter-output>
          </reporter-output>
        </test-method> <!-- afterSuite -->
      </class> <!-- com.mystore.testcases.LoginPageTest -->
    </test> <!-- Test_All -->
  </suite> <!-- Suite -->
</testng-results>
