<?xml version="1.0" encoding="UTF-8"?>
<testng-results ignored="0" total="1" passed="1" failed="0" skipped="0">
  <reporter-output>
  </reporter-output>
  <suite started-at="2023-11-29T16:06:06 IST" name="Default suite" finished-at="2023-11-29T16:06:20 IST" duration-ms="14540">
    <groups>
    </groups>
    <test started-at="2023-11-29T16:06:06 IST" name="Default test" finished-at="2023-11-29T16:06:20 IST" duration-ms="14540">
      <class name="com.mystore.testcases.LoginPageTest">
        <test-method is-config="true" signature="loadConfig()[pri:0, instance:com.mystore.testcases.LoginPageTest@2892d68]" started-at="2023-11-29T16:06:06 IST" name="loadConfig" finished-at="2023-11-29T16:06:06 IST" duration-ms="15" status="PASS">
          <reporter-output>
          </reporter-output>
        </test-method> <!-- loadConfig -->
        <test-method is-config="true" signature="setup()[pri:0, instance:com.mystore.testcases.LoginPageTest@2892d68]" started-at="2023-11-29T16:06:06 IST" name="setup" finished-at="2023-11-29T16:06:17 IST" duration-ms="10693" status="PASS">
          <reporter-output>
          </reporter-output>
        </test-method> <!-- setup -->
        <test-method signature="loginTest()[pri:0, instance:com.mystore.testcases.LoginPageTest@2892d68]" started-at="2023-11-29T16:06:17 IST" name="loginTest" finished-at="2023-11-29T16:06:20 IST" duration-ms="3445" status="PASS">
          <reporter-output>
          </reporter-output>
        </test-method> <!-- loginTest -->
        <test-method is-config="true" signature="tearDown()[pri:0, instance:com.mystore.testcases.LoginPageTest@2892d68]" started-at="2023-11-29T16:06:20 IST" name="tearDown" finished-at="2023-11-29T16:06:20 IST" duration-ms="351" status="PASS">
          <reporter-output>
          </reporter-output>
        </test-method> <!-- tearDown -->
      </class> <!-- com.mystore.testcases.LoginPageTest -->
    </test> <!-- Default test -->
  </suite> <!-- Default suite -->
</testng-results>
