<?xml version="1.0" encoding="UTF-8"?>
<testng-results ignored="7" total="16" passed="9" failed="0" skipped="0">
  <reporter-output>
  </reporter-output>
  <suite started-at="2023-12-10T13:06:41 IST" name="Suite" finished-at="2023-12-10T13:09:36 IST" duration-ms="174715">
    <groups>
    </groups>
    <test started-at="2023-12-10T13:06:41 IST" name="Test_ALL" finished-at="2023-12-10T13:09:36 IST" duration-ms="174715">
      <class name="com.mystore.testcases.AccountCreationPageTest">
        <test-method is-config="true" signature="setup()[pri:0, instance:com.mystore.testcases.AccountCreationPageTest@78e4deb0]" started-at="2023-12-10T13:07:46 IST" name="setup" finished-at="2023-12-10T13:08:00 IST" duration-ms="13774" status="PASS">
          <reporter-output>
          </reporter-output>
        </test-method> <!-- setup -->
        <test-method signature="verifyCreateAccountPageTest()[pri:0, instance:com.mystore.testcases.AccountCreationPageTest@78e4deb0]" started-at="2023-12-10T13:08:00 IST" name="verifyCreateAccountPageTest" finished-at="2023-12-10T13:08:04 IST" duration-ms="3596" status="PASS">
          <reporter-output>
          </reporter-output>
        </test-method> <!-- verifyCreateAccountPageTest -->
        <test-method is-config="true" signature="tearDown()[pri:0, instance:com.mystore.testcases.AccountCreationPageTest@78e4deb0]" started-at="2023-12-10T13:08:04 IST" name="tearDown" finished-at="2023-12-10T13:08:04 IST" duration-ms="305" status="PASS">
          <reporter-output>
          </reporter-output>
        </test-method> <!-- tearDown -->
      </class> <!-- com.mystore.testcases.AccountCreationPageTest -->
      <class name="com.mystore.testcases.EndToEndTest">
        <test-method is-config="true" signature="setup()[pri:0, instance:com.mystore.testcases.EndToEndTest@5b1669c0]" started-at="2023-12-10T13:06:59 IST" name="setup" finished-at="2023-12-10T13:07:24 IST" duration-ms="24231" status="PASS">
          <reporter-output>
          </reporter-output>
        </test-method> <!-- setup -->
        <test-method signature="verifyTotalPrice()[pri:0, instance:com.mystore.testcases.EndToEndTest@5b1669c0]" started-at="2023-12-10T13:07:24 IST" name="verifyTotalPrice" finished-at="2023-12-10T13:07:46 IST" duration-ms="22300" status="PASS">
          <reporter-output>
          </reporter-output>
        </test-method> <!-- verifyTotalPrice -->
        <test-method is-config="true" signature="tearDown()[pri:0, instance:com.mystore.testcases.EndToEndTest@5b1669c0]" started-at="2023-12-10T13:07:46 IST" name="tearDown" finished-at="2023-12-10T13:07:46 IST" duration-ms="292" status="PASS">
          <reporter-output>
          </reporter-output>
        </test-method> <!-- tearDown -->
      </class> <!-- com.mystore.testcases.EndToEndTest -->
      <class name="com.mystore.testcases.SearchResultPageTest">
        <test-method is-config="true" signature="setup()[pri:0, instance:com.mystore.testcases.SearchResultPageTest@7d0b7e3c]" started-at="2023-12-10T13:08:26 IST" name="setup" finished-at="2023-12-10T13:08:36 IST" duration-ms="10109" status="PASS">
          <reporter-output>
          </reporter-output>
        </test-method> <!-- setup -->
        <test-method signature="productAvailablityTest()[pri:0, instance:com.mystore.testcases.SearchResultPageTest@7d0b7e3c]" started-at="2023-12-10T13:08:36 IST" name="productAvailablityTest" finished-at="2023-12-10T13:08:38 IST" duration-ms="1883" status="PASS">
          <reporter-output>
          </reporter-output>
        </test-method> <!-- productAvailablityTest -->
        <test-method is-config="true" signature="tearDown()[pri:0, instance:com.mystore.testcases.SearchResultPageTest@7d0b7e3c]" started-at="2023-12-10T13:08:38 IST" name="tearDown" finished-at="2023-12-10T13:08:38 IST" duration-ms="530" status="PASS">
          <reporter-output>
          </reporter-output>
        </test-method> <!-- tearDown -->
      </class> <!-- com.mystore.testcases.SearchResultPageTest -->
      <class name="com.mystore.testcases.AddToCartPageTest">
        <test-method is-config="true" signature="setup()[pri:0, instance:com.mystore.testcases.AddToCartPageTest@2eae8e6e]" started-at="2023-12-10T13:09:13 IST" name="setup" finished-at="2023-12-10T13:09:29 IST" duration-ms="15333" status="PASS">
          <reporter-output>
          </reporter-output>
        </test-method> <!-- setup -->
        <test-method signature="addToCartTest()[pri:0, instance:com.mystore.testcases.AddToCartPageTest@2eae8e6e]" started-at="2023-12-10T13:09:29 IST" name="addToCartTest" finished-at="2023-12-10T13:09:35 IST" duration-ms="6625" status="PASS">
          <reporter-output>
          </reporter-output>
        </test-method> <!-- addToCartTest -->
        <test-method is-config="true" signature="tearDown()[pri:0, instance:com.mystore.testcases.AddToCartPageTest@2eae8e6e]" started-at="2023-12-10T13:09:35 IST" name="tearDown" finished-at="2023-12-10T13:09:36 IST" duration-ms="321" status="PASS">
          <reporter-output>
          </reporter-output>
        </test-method> <!-- tearDown -->
      </class> <!-- com.mystore.testcases.AddToCartPageTest -->
      <class name="com.mystore.testcases.IndexPageTest">
        <test-method is-config="true" signature="setup()[pri:0, instance:com.mystore.testcases.IndexPageTest@6e9175d8]" started-at="2023-12-10T13:08:04 IST" name="setup" finished-at="2023-12-10T13:08:15 IST" duration-ms="11354" status="PASS">
          <reporter-output>
          </reporter-output>
        </test-method> <!-- setup -->
        <test-method signature="verifyLogo()[pri:0, instance:com.mystore.testcases.IndexPageTest@6e9175d8]" started-at="2023-12-10T13:08:15 IST" name="verifyLogo" finished-at="2023-12-10T13:08:15 IST" duration-ms="83" status="PASS">
          <reporter-output>
          </reporter-output>
        </test-method> <!-- verifyLogo -->
        <test-method is-config="true" signature="tearDown()[pri:0, instance:com.mystore.testcases.IndexPageTest@6e9175d8]" started-at="2023-12-10T13:08:15 IST" name="tearDown" finished-at="2023-12-10T13:08:16 IST" duration-ms="278" status="PASS">
          <reporter-output>
          </reporter-output>
        </test-method> <!-- tearDown -->
        <test-method is-config="true" signature="setup()[pri:0, instance:com.mystore.testcases.IndexPageTest@6e9175d8]" started-at="2023-12-10T13:08:16 IST" name="setup" finished-at="2023-12-10T13:08:25 IST" duration-ms="9716" status="PASS">
          <reporter-output>
          </reporter-output>
        </test-method> <!-- setup -->
        <test-method signature="verifyTitle()[pri:0, instance:com.mystore.testcases.IndexPageTest@6e9175d8]" started-at="2023-12-10T13:08:25 IST" name="verifyTitle" finished-at="2023-12-10T13:08:25 IST" duration-ms="12" status="PASS">
          <reporter-output>
          </reporter-output>
        </test-method> <!-- verifyTitle -->
        <test-method is-config="true" signature="tearDown()[pri:0, instance:com.mystore.testcases.IndexPageTest@6e9175d8]" started-at="2023-12-10T13:08:25 IST" name="tearDown" finished-at="2023-12-10T13:08:26 IST" duration-ms="252" status="PASS">
          <reporter-output>
          </reporter-output>
        </test-method> <!-- tearDown -->
      </class> <!-- com.mystore.testcases.IndexPageTest -->
      <class name="com.mystore.testcases.OrderPageTest">
        <test-method is-config="true" signature="setup()[pri:0, instance:com.mystore.testcases.OrderPageTest@4b741d6d]" started-at="2023-12-10T13:08:53 IST" name="setup" finished-at="2023-12-10T13:09:03 IST" duration-ms="10703" status="PASS">
          <reporter-output>
          </reporter-output>
        </test-method> <!-- setup -->
        <test-method signature="verifyTotalPrice()[pri:0, instance:com.mystore.testcases.OrderPageTest@4b741d6d]" started-at="2023-12-10T13:09:03 IST" name="verifyTotalPrice" finished-at="2023-12-10T13:09:13 IST" duration-ms="9994" status="PASS">
          <reporter-output>
          </reporter-output>
        </test-method> <!-- verifyTotalPrice -->
      </class> <!-- com.mystore.testcases.OrderPageTest -->
      <class name="com.mystore.testcases.HomePageTest">
        <test-method is-config="true" signature="setup()[pri:0, instance:com.mystore.testcases.HomePageTest@15bb5034]" started-at="2023-12-10T13:08:38 IST" name="setup" finished-at="2023-12-10T13:08:49 IST" duration-ms="10837" status="PASS">
          <reporter-output>
          </reporter-output>
        </test-method> <!-- setup -->
        <test-method signature="wishListTest()[pri:0, instance:com.mystore.testcases.HomePageTest@15bb5034]" started-at="2023-12-10T13:08:49 IST" name="wishListTest" finished-at="2023-12-10T13:08:52 IST" duration-ms="3497" status="PASS">
          <reporter-output>
          </reporter-output>
        </test-method> <!-- wishListTest -->
        <test-method is-config="true" signature="tearDown()[pri:0, instance:com.mystore.testcases.HomePageTest@15bb5034]" started-at="2023-12-10T13:08:52 IST" name="tearDown" finished-at="2023-12-10T13:08:53 IST" duration-ms="238" status="PASS">
          <reporter-output>
          </reporter-output>
        </test-method> <!-- tearDown -->
      </class> <!-- com.mystore.testcases.HomePageTest -->
      <class name="com.mystore.testcases.LoginPageTest">
        <test-method is-config="true" signature="loadConfig()[pri:0, instance:com.mystore.testcases.LoginPageTest@2a265ea9]" started-at="2023-12-10T13:06:41 IST" name="loadConfig" finished-at="2023-12-10T13:06:41 IST" duration-ms="14" status="PASS">
          <reporter-output>
          </reporter-output>
        </test-method> <!-- loadConfig -->
        <test-method is-config="true" signature="setup()[pri:0, instance:com.mystore.testcases.LoginPageTest@2a265ea9]" started-at="2023-12-10T13:06:41 IST" name="setup" finished-at="2023-12-10T13:06:54 IST" duration-ms="13408" status="PASS">
          <reporter-output>
          </reporter-output>
        </test-method> <!-- setup -->
        <test-method signature="loginTest()[pri:0, instance:com.mystore.testcases.LoginPageTest@2a265ea9]" started-at="2023-12-10T13:06:54 IST" name="loginTest" finished-at="2023-12-10T13:06:59 IST" duration-ms="4452" status="PASS">
          <reporter-output>
          </reporter-output>
        </test-method> <!-- loginTest -->
        <test-method is-config="true" signature="tearDown()[pri:0, instance:com.mystore.testcases.LoginPageTest@2a265ea9]" started-at="2023-12-10T13:06:59 IST" name="tearDown" finished-at="2023-12-10T13:06:59 IST" duration-ms="503" status="PASS">
          <reporter-output>
          </reporter-output>
        </test-method> <!-- tearDown -->
      </class> <!-- com.mystore.testcases.LoginPageTest -->
    </test> <!-- Test_ALL -->
  </suite> <!-- Suite -->
</testng-results>
