<?xml version="1.0" encoding="UTF-8"?>
<!-- Generated by org.testng.reporters.JUnitXMLReporter -->
<testsuite ignored="3" hostname="DESKTOP-KJQ65RF" failures="0" tests="5" name="Test" time="66.9" errors="0" timestamp="2023-11-29T18:37:25 IST">
  <testcase classname="com.mystore.testcases.LoginPageTest" name="loginTest" time="2.851"/>
  <testcase classname="com.mystore.testcases.IndexPageTest" name="verifyLogo" time="0.075"/>
  <testcase classname="com.mystore.testcases.IndexPageTest" name="verifyTitle" time="0.014"/>
  <testcase classname="com.mystore.testcases.AccountCreationPageTest" name="verifyCreateAccountPageTest" time="2.909"/>
  <testcase classname="com.mystore.testcases.HomePageTest" name="wishListTest" time="7.705"/>
  <testcase classname="com.mystore.base.BaseClass" name="@BeforeSuite loadConfig" time="0.0">
    <ignored/>
  </testcase> <!-- @BeforeSuite loadConfig -->
  <testcase classname="com.mystore.base.BaseClass" name="@BeforeSuite loadConfig" time="0.0">
    <ignored/>
  </testcase> <!-- @BeforeSuite loadConfig -->
  <testcase classname="com.mystore.base.BaseClass" name="@BeforeSuite loadConfig" time="0.0">
    <ignored/>
  </testcase> <!-- @BeforeSuite loadConfig -->
</testsuite> <!-- Test -->
