<?xml version="1.0" encoding="UTF-8"?>
<!-- Generated by org.testng.reporters.JUnitXMLReporter -->
<testsuite ignored="7" hostname="DESKTOP-KJQ65RF" failures="0" tests="9" name="Test_ALL" time="174.715" errors="0" timestamp="2023-12-10T13:09:36 IST">
  <testcase classname="com.mystore.testcases.LoginPageTest" name="loginTest" time="4.452"/>
  <testcase classname="com.mystore.testcases.EndToEndTest" name="verifyTotalPrice" time="22.3"/>
  <testcase classname="com.mystore.testcases.AccountCreationPageTest" name="verifyCreateAccountPageTest" time="3.596"/>
  <testcase classname="com.mystore.testcases.IndexPageTest" name="verifyLogo" time="0.083"/>
  <testcase classname="com.mystore.testcases.IndexPageTest" name="verifyTitle" time="0.012"/>
  <testcase classname="com.mystore.testcases.SearchResultPageTest" name="productAvailablityTest" time="1.883"/>
  <testcase classname="com.mystore.testcases.HomePageTest" name="wishListTest" time="3.497"/>
  <testcase classname="com.mystore.testcases.OrderPageTest" name="verifyTotalPrice" time="9.994"/>
  <testcase classname="com.mystore.testcases.AddToCartPageTest" name="addToCartTest" time="6.625"/>
  <testcase classname="com.mystore.base.BaseClass" name="@BeforeSuite loadConfig" time="0.0">
    <ignored/>
  </testcase> <!-- @BeforeSuite loadConfig -->
  <testcase classname="com.mystore.base.BaseClass" name="@BeforeSuite loadConfig" time="0.0">
    <ignored/>
  </testcase> <!-- @BeforeSuite loadConfig -->
  <testcase classname="com.mystore.base.BaseClass" name="@BeforeSuite loadConfig" time="0.0">
    <ignored/>
  </testcase> <!-- @BeforeSuite loadConfig -->
  <testcase classname="com.mystore.base.BaseClass" name="@BeforeSuite loadConfig" time="0.0">
    <ignored/>
  </testcase> <!-- @BeforeSuite loadConfig -->
  <testcase classname="com.mystore.base.BaseClass" name="@BeforeSuite loadConfig" time="0.0">
    <ignored/>
  </testcase> <!-- @BeforeSuite loadConfig -->
  <testcase classname="com.mystore.base.BaseClass" name="@BeforeSuite loadConfig" time="0.0">
    <ignored/>
  </testcase> <!-- @BeforeSuite loadConfig -->
  <testcase classname="com.mystore.base.BaseClass" name="@BeforeSuite loadConfig" time="0.0">
    <ignored/>
  </testcase> <!-- @BeforeSuite loadConfig -->
</testsuite> <!-- Test_ALL -->
